2024-09-12 11:09:03 PM [INFO] starting 1 workers
2024-09-12 11:09:03 PM [INFO] Actix runtime found; starting in Actix runtime
2024-09-12 11:11:10 PM [INFO] SIGTERM received; starting graceful shutdown
2024-09-12 11:11:10 PM [INFO] shutting down idle worker
2024-09-12 11:11:10 PM [INFO] accept thread stopped
2024-09-12 11:11:10 PM [INFO] starting 1 workers
2024-09-12 11:11:10 PM [INFO] Actix runtime found; starting in Actix runtime
2024-09-12 11:12:39 PM [INFO] SIGTERM received; starting graceful shutdown
2024-09-12 11:12:39 PM [INFO] shutting down idle worker
2024-09-12 11:12:39 PM [INFO] accept thread stopped
2024-09-12 11:12:39 PM [INFO] starting 1 workers
2024-09-12 11:12:39 PM [INFO] Actix runtime found; starting in Actix runtime
2024-09-12 11:15:07 PM [INFO] SIGTERM received; starting graceful shutdown
2024-09-12 11:15:07 PM [INFO] shutting down idle worker
2024-09-12 11:15:07 PM [INFO] accept thread stopped
2024-09-12 11:15:07 PM [INFO] starting 1 workers
2024-09-12 11:15:07 PM [INFO] Actix runtime found; starting in Actix runtime
2024-09-12 11:18:24 PM [INFO] SIGTERM received; starting graceful shutdown
2024-09-12 11:18:24 PM [INFO] starting 1 workers
2024-09-12 11:18:24 PM [INFO] Actix runtime found; starting in Actix runtime
2024-09-12 11:19:43 PM [INFO] SIGTERM received; starting graceful shutdown
2024-09-12 11:19:43 PM [INFO] shutting down idle worker
2024-09-12 11:19:43 PM [INFO] accept thread stopped
2024-09-12 11:19:43 PM [INFO] starting 1 workers
2024-09-12 11:19:43 PM [INFO] Actix runtime found; starting in Actix runtime
2024-09-12 11:20:12 PM [INFO] SIGTERM received; starting graceful shutdown
2024-09-12 11:20:12 PM [INFO] shutting down idle worker
2024-09-12 11:20:12 PM [INFO] accept thread stopped
2024-09-12 11:20:12 PM [INFO] starting 1 workers
2024-09-12 11:20:12 PM [INFO] Actix runtime found; starting in Actix runtime
2024-09-12 11:20:34 PM [INFO] SIGTERM received; starting graceful shutdown
2024-09-12 11:20:34 PM [INFO] shutting down idle worker
2024-09-12 11:20:34 PM [INFO] accept thread stopped
2024-09-12 11:20:35 PM [INFO] starting 1 workers
2024-09-12 11:20:35 PM [INFO] Actix runtime found; starting in Actix runtime
2024-09-12 11:22:30 PM [INFO] SIGTERM received; starting graceful shutdown
2024-09-12 11:22:30 PM [INFO] shutting down idle worker
2024-09-12 11:22:30 PM [INFO] accept thread stopped
2024-09-12 11:22:30 PM [INFO] starting 1 workers
2024-09-12 11:22:30 PM [INFO] Actix runtime found; starting in Actix runtime
2024-09-12 11:23:07 PM [INFO] SIGTERM received; starting graceful shutdown
2024-09-12 11:23:07 PM [INFO] accept thread stopped
2024-09-12 11:23:07 PM [INFO] shutting down idle worker
2024-09-12 11:23:08 PM [INFO] starting 1 workers
2024-09-12 11:23:08 PM [INFO] Actix runtime found; starting in Actix runtime
2024-09-12 11:23:19 PM [INFO] SIGTERM received; starting graceful shutdown
2024-09-12 11:23:19 PM [INFO] shutting down idle worker
2024-09-12 11:23:19 PM [INFO] accept thread stopped
2024-09-12 11:23:19 PM [INFO] starting 1 workers
2024-09-12 11:23:19 PM [INFO] Actix runtime found; starting in Actix runtime
2024-09-12 11:23:34 PM [INFO] SIGTERM received; starting graceful shutdown
2024-09-12 11:23:34 PM [INFO] shutting down idle worker
2024-09-12 11:23:34 PM [INFO] accept thread stopped
2024-09-12 11:23:34 PM [INFO] starting 1 workers
2024-09-12 11:23:34 PM [INFO] Actix runtime found; starting in Actix runtime
2024-09-12 11:24:17 PM [INFO] SIGTERM received; starting graceful shutdown
2024-09-12 11:24:17 PM [INFO] shutting down idle worker
2024-09-12 11:24:17 PM [INFO] accept thread stopped
2024-09-12 11:24:17 PM [INFO] starting 1 workers
2024-09-12 11:24:17 PM [INFO] Actix runtime found; starting in Actix runtime
2024-09-12 11:27:58 PM [INFO] SIGINT received; starting forced shutdown
2024-09-12 11:27:58 PM [INFO] shutting down idle worker
2024-09-12 11:27:58 PM [INFO] accept thread stopped
