2024-08-21 13:48:11,761 [ERROR] An unexpected error occurred: 
**********************************************************************
  Resource [93mpunkt_tab[0m not found.
  Please use the NLTK Downloader to obtain the resource:

  [31m>>> import nltk
  >>> nltk.download('punkt_tab')
  [0m
  For more information see: https://www.nltk.org/data.html

  Attempted to load [93mtokenizers/punkt_tab/english/[0m

  Searched in:
    - '/home/dulinaperera/nltk_data'
    - '/home/dulinaperera/anaconda3/envs/topicnet/nltk_data'
    - '/home/dulinaperera/anaconda3/envs/topicnet/share/nltk_data'
    - '/home/dulinaperera/anaconda3/envs/topicnet/lib/nltk_data'
    - '/usr/share/nltk_data'
    - '/usr/local/share/nltk_data'
    - '/usr/lib/nltk_data'
    - '/usr/local/lib/nltk_data'
**********************************************************************

2024-08-21 13:49:19,967 [INFO] Extracted 25 sentences from './test.txt'.
2024-08-21 13:49:47,691 [INFO] Extracted 25 sentences from './test.txt'.
2024-08-21 13:50:03,419 [INFO] Extracted 25 sentences from './test.txt'.
2024-08-21 13:51:40,964 [INFO] Extracted 25 sentences from './test.txt'.
2024-08-21 15:46:00,238 [INFO] Extracted 25 sentences from './test.txt'.
2024-08-21 15:46:00,255 [INFO] Use pytorch device_name: cuda
2024-08-21 15:46:00,256 [INFO] Load pretrained SentenceTransformer: all-mpnet-base-v2
2024-08-21 16:06:35,294 [INFO] Reading content from './test.txt'...
2024-08-21 16:06:35,297 [INFO] Loading the Punkt tokenizer...
2024-08-21 16:06:35,312 [INFO] Tokenizing the content into sentences...
2024-08-21 16:06:35,313 [INFO] Successfully Extracted 25 sentences.
2024-08-21 16:06:35,314 [INFO] Loading the pretrained SentenceTransformer model 'all-mpnet-base-v2'...
2024-08-21 16:06:35,326 [INFO] Use pytorch device_name: cuda
2024-08-21 16:06:35,326 [INFO] Load pretrained SentenceTransformer: all-mpnet-base-v2
2024-08-21 16:06:39,228 [INFO] Generating embeddings for sentences...
2024-08-21 16:06:40,684 [INFO] Embeddings generated successfully.
2024-08-21 16:13:22,437 [INFO] Reading content from './test.txt'...
2024-08-21 16:13:22,440 [INFO] Loading the Punkt tokenizer...
2024-08-21 16:13:22,461 [INFO] Tokenizing the content into sentences...
2024-08-21 16:13:22,462 [INFO] Successfully Extracted 25 sentences.
2024-08-21 16:13:22,463 [INFO] Loading the pretrained SentenceTransformer model 'all-mpnet-base-v2'...
2024-08-21 16:13:22,488 [INFO] Load pretrained SentenceTransformer: all-mpnet-base-v2
2024-08-21 16:13:27,055 [INFO] Generating embeddings for sentences...
2024-08-21 16:13:28,537 [INFO] Embeddings generated successfully.
2024-08-21 16:16:49,139 [INFO] Read file at path: ./test.txt
2024-08-21 16:16:49,155 [INFO] Load Punkt tokenizer
2024-08-21 16:16:49,156 [INFO] Extract 25 sentences
2024-08-21 16:16:49,170 [INFO] Load pretrained SentenceTransformer: all-mpnet-base-v2
2024-08-21 16:16:55,054 [INFO] Generate embeddings
2024-08-21 16:20:23,782 [INFO] Read file at path: ./test.txt
2024-08-21 16:20:23,797 [INFO] Load Punkt tokenizer
2024-08-21 16:20:23,798 [INFO] Extract 25 sentences
2024-08-21 16:20:23,810 [INFO] Load pretrained SentenceTransformer: all-mpnet-base-v2
2024-08-21 16:20:28,692 [INFO] Generate embeddings
2024-08-21 16:41:10,188 [INFO] Read file at path: ./test.txt
2024-08-21 16:41:10,202 [INFO] Load Punkt tokenizer
2024-08-21 16:41:10,204 [INFO] Extract 25 sentences
2024-08-21 16:41:10,216 [INFO] Load pretrained SentenceTransformer: all-mpnet-base-v2
2024-08-21 16:41:14,938 [INFO] Generate embeddings
2024-08-21 16:41:32,914 [INFO] Read file at path: ./test.txt
2024-08-21 16:41:32,929 [INFO] Load Punkt tokenizer
2024-08-21 16:41:32,930 [INFO] Extract 25 sentences
2024-08-21 16:41:32,943 [INFO] Load pretrained SentenceTransformer: all-mpnet-base-v2
2024-08-21 16:41:37,358 [INFO] Generate embeddings
2024-08-21 16:43:02,971 [INFO] Read file at path: ./test.txt
2024-08-21 16:43:02,985 [INFO] Load Punkt tokenizer
2024-08-21 16:43:02,987 [INFO] Extract 25 sentences
2024-08-21 16:43:03,000 [INFO] Load pretrained SentenceTransformer: all-mpnet-base-v2
2024-08-21 16:43:07,393 [INFO] Generate embeddings
2024-08-21 16:47:46,360 [INFO] Read file at path: ./test.txt
2024-08-21 16:47:46,373 [INFO] Load Punkt tokenizer
2024-08-21 16:47:46,375 [INFO] Extract 25 sentences
2024-08-21 16:47:46,387 [INFO] Load pretrained SentenceTransformer: all-mpnet-base-v2
2024-08-21 16:47:51,497 [INFO] Generate embeddings
2024-08-21 16:54:35,200 [INFO] Read file at path: ./test.txt
2024-08-21 16:54:35,214 [INFO] Load Punkt tokenizer
2024-08-21 16:54:35,215 [INFO] Extract 25 sentences
2024-08-21 16:54:35,229 [INFO] Load pretrained SentenceTransformer: all-mpnet-base-v2
2024-08-21 16:54:39,837 [INFO] Generate embeddings
2024-08-21 16:54:39,837 [ERROR] An error occurred during clustering: AgglomerativeClustering.__init__() got an unexpected keyword argument 'affinity'
2024-08-21 16:55:16,920 [INFO] Read file at path: ./test.txt
2024-08-21 16:55:16,941 [INFO] Load Punkt tokenizer
2024-08-21 16:55:16,943 [INFO] Extract 25 sentences
2024-08-21 16:55:16,958 [INFO] Load pretrained SentenceTransformer: all-mpnet-base-v2
2024-08-21 16:55:21,622 [INFO] Generate embeddings
2024-08-21 16:55:21,623 [INFO] Generate 1 clusters
2024-08-21 16:58:48,929 [INFO] Read file at path: ./test.txt
2024-08-21 16:58:48,943 [INFO] Load Punkt tokenizer
2024-08-21 16:58:48,944 [INFO] Extract 25 sentences
2024-08-21 16:58:48,957 [INFO] Load pretrained SentenceTransformer: all-mpnet-base-v2
2024-08-21 16:58:54,293 [INFO] Generate embeddings
2024-08-21 16:58:54,300 [INFO] Generate 1 clusters
2024-08-21 16:59:21,942 [INFO] Read file at path: ./test.txt
2024-08-21 16:59:21,955 [INFO] Load Punkt tokenizer
2024-08-21 16:59:21,957 [INFO] Extract 25 sentences
2024-08-21 16:59:21,972 [INFO] Load pretrained SentenceTransformer: all-mpnet-base-v2
2024-08-21 16:59:26,957 [INFO] Generate embeddings
2024-08-21 16:59:26,960 [INFO] Generate 1 clusters
2024-08-21 16:59:53,587 [INFO] Read file at path: ./test.txt
2024-08-21 16:59:53,601 [INFO] Load Punkt tokenizer
2024-08-21 16:59:53,603 [INFO] Extract 25 sentences
2024-08-21 16:59:53,618 [INFO] Load pretrained SentenceTransformer: all-mpnet-base-v2
2024-08-21 16:59:58,607 [INFO] Generate embeddings
2024-08-21 16:59:58,609 [INFO] Generate 25 clusters
2024-08-21 17:00:16,556 [INFO] Read file at path: ./test.txt
2024-08-21 17:00:16,569 [INFO] Load Punkt tokenizer
2024-08-21 17:00:16,571 [INFO] Extract 25 sentences
2024-08-21 17:00:16,584 [INFO] Load pretrained SentenceTransformer: all-mpnet-base-v2
2024-08-21 17:00:21,818 [INFO] Generate embeddings
2024-08-21 17:00:21,820 [INFO] Generate 1 clusters
2024-08-21 17:00:36,767 [INFO] Read file at path: ./test.txt
2024-08-21 17:00:36,781 [INFO] Load Punkt tokenizer
2024-08-21 17:00:36,782 [INFO] Extract 25 sentences
2024-08-21 17:00:36,795 [INFO] Load pretrained SentenceTransformer: all-mpnet-base-v2
2024-08-21 17:00:41,568 [INFO] Generate embeddings
2024-08-21 17:00:41,570 [INFO] Generate 8 clusters
2024-08-21 17:01:57,232 [INFO] Read file at path: ./test.txt
2024-08-21 17:01:57,246 [INFO] Load Punkt tokenizer
2024-08-21 17:01:57,248 [INFO] Extract 25 sentences
2024-08-21 17:01:57,261 [INFO] Load pretrained SentenceTransformer: all-mpnet-base-v2
2024-08-21 17:02:03,620 [INFO] Generate embeddings
2024-08-21 17:02:03,621 [INFO] Generate 6 clusters
2024-08-21 17:02:49,585 [INFO] Read file at path: ./test.txt
2024-08-21 17:02:49,598 [INFO] Load Punkt tokenizer
2024-08-21 17:02:49,600 [INFO] Extract 25 sentences
2024-08-21 17:02:49,616 [INFO] Load pretrained SentenceTransformer: all-mpnet-base-v2
2024-08-21 17:02:54,522 [INFO] Generate embeddings
2024-08-21 17:02:54,524 [INFO] Generate 6 clusters
2024-08-21 17:03:30,435 [INFO] Read file at path: ./test.txt
2024-08-21 17:03:30,448 [INFO] Load Punkt tokenizer
2024-08-21 17:03:30,450 [INFO] Extract 25 sentences
2024-08-21 17:03:30,463 [INFO] Load pretrained SentenceTransformer: all-mpnet-base-v2
2024-08-21 17:03:35,267 [INFO] Generate embeddings
2024-08-21 17:03:35,268 [INFO] Generate 5 clusters
2024-08-21 17:13:29,868 [INFO] Read file at path: ./test.txt
2024-08-21 17:13:29,883 [INFO] Load Punkt tokenizer
2024-08-21 17:13:29,884 [INFO] Extract 25 sentences
2024-08-21 17:13:29,899 [INFO] Load pretrained SentenceTransformer: all-mpnet-base-v2
2024-08-21 17:13:35,237 [INFO] Generate embeddings
2024-08-21 17:14:09,615 [INFO] Read file at path: ./test.txt
2024-08-21 17:14:09,629 [INFO] Load Punkt tokenizer
2024-08-21 17:14:09,630 [INFO] Extract 25 sentences
2024-08-21 17:14:09,644 [INFO] Load pretrained SentenceTransformer: all-mpnet-base-v2
2024-08-21 17:14:14,528 [INFO] Generate embeddings
2024-08-21 17:15:50,063 [INFO] Read file at path: ./test.txt
2024-08-21 17:15:50,080 [INFO] Load Punkt tokenizer
2024-08-21 17:15:50,082 [INFO] Extract 25 sentences
2024-08-21 17:15:50,098 [INFO] Load pretrained SentenceTransformer: all-mpnet-base-v2
2024-08-21 17:15:55,025 [INFO] Generate embeddings
2024-08-21 17:16:39,378 [INFO] Read file at path: ./test.txt
2024-08-21 17:16:39,393 [INFO] Load Punkt tokenizer
2024-08-21 17:16:39,395 [INFO] Extract 25 sentences
2024-08-21 17:16:39,408 [INFO] Load pretrained SentenceTransformer: all-mpnet-base-v2
2024-08-21 17:16:44,074 [INFO] Generate embeddings
2024-08-21 17:19:41,133 [INFO] Read file at path: ./test.txt
2024-08-21 17:19:41,147 [INFO] Load Punkt tokenizer
2024-08-21 17:19:41,148 [INFO] Extract 25 sentences
2024-08-21 17:19:41,162 [INFO] Load pretrained SentenceTransformer: all-mpnet-base-v2
2024-08-21 17:19:45,885 [INFO] Generate embeddings
2024-08-21 17:20:00,739 [INFO] Read file at path: ./test.txt
2024-08-21 17:20:00,755 [INFO] Load Punkt tokenizer
2024-08-21 17:20:00,756 [INFO] Extract 25 sentences
2024-08-21 17:20:00,769 [INFO] Load pretrained SentenceTransformer: all-mpnet-base-v2
2024-08-21 17:20:05,830 [INFO] Generate embeddings
2024-08-21 17:25:38,658 [INFO] Read file at path: ./test.txt
2024-08-21 17:25:38,682 [INFO] Load Punkt tokenizer
2024-08-21 17:25:38,683 [INFO] Extract 25 sentences
2024-08-21 17:25:38,697 [INFO] Load pretrained SentenceTransformer: all-mpnet-base-v2
2024-08-21 17:25:44,549 [INFO] Generate embeddings
2024-08-21 17:25:59,600 [INFO] Read file at path: ./test.txt
2024-08-21 17:25:59,615 [INFO] Load Punkt tokenizer
2024-08-21 17:25:59,616 [INFO] Extract 25 sentences
2024-08-21 17:25:59,630 [INFO] Load pretrained SentenceTransformer: all-mpnet-base-v2
2024-08-21 17:26:05,047 [INFO] Generate embeddings
2024-08-21 17:26:30,229 [INFO] Read file at path: ./test.txt
2024-08-21 17:26:30,244 [INFO] Load Punkt tokenizer
2024-08-21 17:26:30,245 [INFO] Extract 25 sentences
2024-08-21 17:26:30,259 [INFO] Load pretrained SentenceTransformer: all-mpnet-base-v2
2024-08-21 17:26:35,529 [INFO] Generate embeddings
2024-08-21 17:27:24,229 [INFO] Read file at path: ./test.txt
2024-08-21 17:27:24,244 [INFO] Load Punkt tokenizer
2024-08-21 17:27:24,246 [INFO] Extract 25 sentences
2024-08-21 17:27:24,259 [INFO] Load pretrained SentenceTransformer: all-mpnet-base-v2
2024-08-21 17:27:28,811 [INFO] Generate embeddings
2024-08-21 17:27:50,240 [INFO] Read file at path: ./test.txt
2024-08-21 17:27:50,258 [INFO] Load Punkt tokenizer
2024-08-21 17:27:50,260 [INFO] Extract 25 sentences
2024-08-21 17:27:50,274 [INFO] Load pretrained SentenceTransformer: all-mpnet-base-v2
2024-08-21 17:27:54,937 [INFO] Generate embeddings
2024-08-24 11:12:24,551 [INFO] Read file at path: ./test.txt
2024-08-24 11:12:24,574 [INFO] Load Punkt tokenizer
2024-08-24 11:12:24,575 [INFO] Extract 25 sentences
2024-08-24 11:12:24,739 [INFO] Load pretrained SentenceTransformer: fuck
2024-08-24 11:12:25,229 [WARNING] No sentence-transformers model found with name sentence-transformers/fuck. Creating a new one with mean pooling.
2024-08-24 11:12:25,536 [ERROR] An unexpected error occurred: sentence-transformers/fuck is not a local folder and is not a valid model identifier listed on 'https://huggingface.co/models'
If this is a private repository, make sure to pass a token having permission to this repo either by logging in with `huggingface-cli login` or by passing `token=<your_token>`
2024-08-24 11:13:09,076 [INFO] Read file at path: ./test.txt
2024-08-24 11:13:09,090 [INFO] Load Punkt tokenizer
2024-08-24 11:13:12,823 [INFO] Extract 25 sentences
2024-08-24 11:13:12,848 [INFO] Load pretrained SentenceTransformer: fuck
2024-08-24 11:13:13,357 [WARNING] No sentence-transformers model found with name sentence-transformers/fuck. Creating a new one with mean pooling.
2024-08-24 11:13:13,830 [ERROR] An unexpected error occurred: sentence-transformers/fuck is not a local folder and is not a valid model identifier listed on 'https://huggingface.co/models'
If this is a private repository, make sure to pass a token having permission to this repo either by logging in with `huggingface-cli login` or by passing `token=<your_token>`
